<?xml version="1.0" encoding="utf-8"?><testsuites name="pytest tests"><testsuite name="pytest" errors="0" failures="0" skipped="0" tests="28" time="0.272" timestamp="2025-11-26T13:00:51.531286+01:00" hostname="Jads-MacBook-Pro.local"><testcase classname="tests.test_api_assessments" name="test_crud_flow" time="0.033" /><testcase classname="tests.test_api_notfound" name="test_get_missing_returns_404" time="0.004" /><testcase classname="tests.test_api_notfound" name="test_put_missing_returns_404" time="0.004" /><testcase classname="tests.test_api_notfound" name="test_delete_missing_returns_404" time="0.003" /><testcase classname="tests.test_api_stats" name="test_current_and_remaining" time="0.013" /><testcase classname="tests.test_api_stats" name="test_validate_weights" time="0.011" /><testcase classname="tests.test_api_stats" name="test_what_if" time="0.010" /><testcase classname="tests.test_api_validation" name="test_post_rejects_invalid_weight_range[-1]" time="0.004" /><testcase classname="tests.test_api_validation" name="test_post_rejects_invalid_weight_range[101]" time="0.003" /><testcase classname="tests.test_api_validation" name="test_post_rejects_invalid_weight_range[1000]" time="0.003" /><testcase classname="tests.test_api_validation" name="test_post_rejects_invalid_score_range[-5]" time="0.003" /><testcase classname="tests.test_api_validation" name="test_post_rejects_invalid_score_range[105]" time="0.015" /><testcase classname="tests.test_api_validation" name="test_post_rejects_invalid_score_range[1000]" time="0.007" /><testcase classname="tests.test_api_validation" name="test_post_rejects_invalid_date_format[]" time="0.008" /><testcase classname="tests.test_api_validation" name="test_post_rejects_invalid_date_format[not-a-date]" time="0.004" /><testcase classname="tests.test_api_validation" name="test_post_rejects_invalid_date_format[2025/01/01]" time="0.003" /><testcase classname="tests.test_api_validation" name="test_post_rejects_invalid_date_format[13-40-9999]" time="0.003" /><testcase classname="tests.test_api_validation" name="test_post_requires_title" time="0.003" /><testcase classname="tests.test_api_validation" name="test_put_rejects_bad_updates" time="0.006" /><testcase classname="tests.test_calculations_unit" name="test_current_stats_mixes_completed_and_pending" time="0.001" /><testcase classname="tests.test_calculations_unit" name="test_what_if_with_remaining_work" time="0.001" /><testcase classname="tests.test_calculations_unit" name="test_what_if_when_no_remaining_work" time="0.001" /><testcase classname="tests.test_calculations_unit" name="test_validate_weights_messages" time="0.001" /><testcase classname="tests.test_services_unit" name="test_service_crud_flow" time="0.005" /><testcase classname="tests.test_stats_edges" name="test_stats_on_empty_db" time="0.007" /><testcase classname="tests.test_stats_edges" name="test_stats_all_completed" time="0.012" /><testcase classname="tests.test_stats_edges" name="test_unattainable_target_with_remaining" time="0.009" /><testcase classname="tests.test_stats_edges" name="test_what_if_when_no_remaining_work" time="0.010" /></testsuite></testsuites>